<?xml version="1.0" encoding="UTF-8"?>
<!-- Generated by org.testng.reporters.JUnitXMLReporter -->
<testsuite hostname="HP-PC" name="TestOnChrome" tests="4" failures="0" timestamp="22 May 2019 19:02:53 GMT" time="36.091" errors="0">
  <testcase name="t_01_check_login" time="21.809" classname="com.zerobank.tc.Tc_SmokeTest"/>
  <testcase name="t_01_check_login" time="21.809" classname="com.zerobank.tc.Tc_SmokeTest"/>
  <testcase name="t_02_check_transfer_funds" time="14.032" classname="com.zerobank.tc.Tc_SmokeTest"/>
  <testcase name="t_02_check_transfer_funds" time="14.032" classname="com.zerobank.tc.Tc_SmokeTest"/>
</testsuite> <!-- TestOnChrome -->
